proguard/seeds.txt
org.my.scanExample.MyScanActivity
org.my.scanExample.MyScanActivity: MyScanActivity()
org.my.scanExample.MyScanActivity: void onScanPress(android.view.View)
...
com.infodif.infocard.InfoCardActivity
com.infodif.infocard.InfoCardActivity: java.lang.String TAG
com.infodif.infocard.InfoCardActivity: int DEVICE_ORIENTATION_PORTRAIT
com.infodif.infocard.InfoCardActivity: int DEVICE_ORIENTATION_LANDSCAPE_RIGHT
com.infodif.infocard.InfoCardActivity: int DEVICE_ORIENTATION_PORTRAIT_UPSIDE_DOWN
com.infodif.infocard.InfoCardActivity: int DEVICE_ORIENTATION_LANDSCAPE_LEFT
com.infodif.infocard.InfoCardActivity: org.opencv.core.Mat mRgba
com.infodif.infocard.InfoCardActivity: android.widget.TextView mTextView
com.infodif.infocard.InfoCardActivity: org.opencv.android.CameraBridgeViewBase mOpenCvCameraView
com.infodif.infocard.InfoCardActivity: int mDeviceOrientation
com.infodif.infocard.InfoCardActivity: android.graphics.Rect mMaskRectangle
com.infodif.infocard.InfoCardActivity: int mViewHeight
com.infodif.infocard.InfoCardActivity: int mViewWidth
com.infodif.infocard.InfoCardActivity: boolean mScanFrontSide
com.infodif.infocard.InfoCardActivity: boolean mCardOCRForFirstTime
com.infodif.infocard.InfoCardActivity: boolean mStopOcrThread
com.infodif.infocard.InfoCardActivity: boolean mFrameReady
com.infodif.infocard.InfoCardActivity: java.lang.Thread mOcrThread
com.infodif.infocard.InfoCardActivity: java.util.concurrent.Semaphore mOcrAvailable
com.infodif.infocard.InfoCardActivity: int INFOCARD_STATE_SEARCHING_FOR_CARD
com.infodif.infocard.InfoCardActivity: int INFOCARD_STATE_WAITING_FOR_FOCUS
com.infodif.infocard.InfoCardActivity$1: com.infodif.infocard.InfoCardActivity this$0
com.infodif.infocard.InfoCardActivity$1: InfoCardActivity$1(com.infodif.infocard.InfoCardActivity)
com.infodif.infocard.InfoCardActivity$1: void run()
com.infodif.infocard.InfoCardActivity$2: com.infodif.infocard.InfoCardActivity this$0
com.infodif.infocard.InfoCardActivity$2: InfoCardActivity$2(com.infodif.infocard.InfoCardActivity,android.content.Context)
com.infodif.infocard.InfoCardActivity$2: void onManagerConnected(int)
com.infodif.infocard.InfoCardActivity$DigitOCR: int[] occurenceCount
com.infodif.infocard.InfoCardActivity$DigitOCR: double[] totalScore
com.infodif.infocard.InfoCardActivity$DigitOCR: double maxTotalScore
com.infodif.infocard.InfoCardActivity$DigitOCR: int maxTotalScoreDigit
com.infodif.infocard.InfoCardActivity$DigitOCR: double maxScore
com.infodif.infocard.InfoCardActivity$DigitOCR: int maxScoreDigit
com.infodif.infocard.InfoCardActivity$DigitOCR: int maxOccurence
com.infodif.infocard.InfoCardActivity$DigitOCR: com.infodif.infocard.InfoCardActivity this$0
com.infodif.infocard.InfoCardActivity$DigitOCR: InfoCardActivity$DigitOCR(com.infodif.infocard.InfoCardActivity)
com.infodif.infocard.InfoCardActivity$DigitOCR: void computeTotalStatistics()
com.infodif.infocard.InfoCardActivity$DigitOCR: int getMostFrequentDigit()
com.infodif.infocard.InfoCardActivity$DigitOCR: InfoCardActivity$DigitOCR(com.infodif.infocard.InfoCardActivity,com.infodif.infocard.InfoCardActivity$DigitOCR)
com.infodif.infocard.InfoCardActivity$DigitOCR: void access$1(com.infodif.infocard.InfoCardActivity$DigitOCR)
com.infodif.infocard.InfoCardActivity$DigitOCR: int access$2(com.infodif.infocard.InfoCardActivity$DigitOCR)
com.infodif.infocard.InfoCardActivity$MaskRectView: boolean cardFound
com.infodif.infocard.InfoCardActivity$MaskRectView: com.infodif.infocard.InfoCardActivity this$0
com.infodif.infocard.InfoCardActivity$MaskRectView: InfoCardActivity$MaskRectView(com.infodif.infocard.InfoCardActivity,android.content.Context)
com.infodif.infocard.InfoCardActivity$MaskRectView: void onDraw(android.graphics.Canvas)
com.infodif.infocard.InfoCardActivity$MaskRectView: void onSizeChanged(int,int,int,int)
com.infodif.infocard.InfoCardActivity$MaskRectView: void updateCardStatus(boolean)
com.infodif.infocard.InfoCardActivity$MaskRectView: void adjustMaskRectangle()
com.infodif.infocard.InfoCardActivity$MaskRectView: boolean access$0(com.infodif.infocard.InfoCardActivity$MaskRectView)