proguard/mapping.txt
org.my.scanExample.MyScanActivity -> org.my.scanExample.MyScanActivity:
    android.widget.Button scanButton -> a
    android.widget.TextView resultTextView -> b
    android.widget.ImageView imageView -> c
    android.widget.CheckBox checkBox -> d
    int MY_SCAN_REQUEST_CODE -> e
    java.lang.String resultStr -> f
    android.graphics.Bitmap blurredCardImage -> g
    void onCreate(android.os.Bundle) -> onCreate
    void onRestoreInstanceState(android.os.Bundle) -> onRestoreInstanceState
    void onSaveInstanceState(android.os.Bundle) -> onSaveInstanceState
    void onResume() -> onResume
    void onScanPress(android.view.View) -> onScanPress
    void onActivityResult(int,int,android.content.Intent) -> onActivityResult
...
org.opencv.android.BaseLoaderCallback$3 -> org.opencv.android.d:
    org.opencv.android.BaseLoaderCallback this$0 -> a
    void onClick(android.content.DialogInterface,int) -> onClick
org.opencv.android.BaseLoaderCallback$4 -> org.opencv.android.e:
    org.opencv.android.BaseLoaderCallback this$0 -> a
    org.opencv.android.InstallCallbackInterface val$callback -> b
    void onClick(android.content.DialogInterface,int) -> onClick
org.opencv.android.BaseLoaderCallback$5 -> org.opencv.android.f:
    org.opencv.android.BaseLoaderCallback this$0 -> a
    org.opencv.android.InstallCallbackInterface val$callback -> b
    void onClick(android.content.DialogInterface,int) -> onClick
org.opencv.android.BaseLoaderCallback$6 -> org.opencv.android.g:
    org.opencv.android.BaseLoaderCallback this$0 -> a
    org.opencv.android.InstallCallbackInterface val$callback -> b
    void onClick(android.content.DialogInterface,int) -> onClick
org.opencv.android.BaseLoaderCallback$7 -> org.opencv.android.h:
    org.opencv.android.BaseLoaderCallback this$0 -> a
    org.opencv.android.InstallCallbackInterface val$callback -> b
    void onClick(android.content.DialogInterface,int) -> onClick
org.opencv.android.CameraBridgeViewBase -> org.opencv.android.CameraBridgeViewBase:
    int mState -> j
    android.graphics.Bitmap mCacheBitmap -> k
    org.opencv.android.CameraBridgeViewBase$CvCameraViewListener2 mListener -> l
    boolean mSurfaceExist -> m
    java.lang.Object mSyncObject -> n
    int mFrameWidth -> a
    int mFrameHeight -> b
    int mMaxHeight -> c
    int mMaxWidth -> d
    float mScale -> e
    int mPreviewFormat -> f
    int mCameraIndex -> g
    boolean mEnabled -> h
    org.opencv.android.FpsMeter mFpsMeter -> i
    void setCameraIndex$13462e() -> a
    boolean isFocusAdjustmentFinished() -> b
    void adjustFocusPoint() -> c
    void surfaceChanged(android.view.SurfaceHolder,int,int,int) -> surfaceChanged
    void surfaceCreated(android.view.SurfaceHolder) -> surfaceCreated
    void surfaceDestroyed(android.view.SurfaceHolder) -> surfaceDestroyed
    void enableView() -> d
    void disableView() -> e
    void setCvCameraViewListener(org.opencv.android.CameraBridgeViewBase$CvCameraViewListener2) -> a
    void setMaxFrameSize$255f295() -> f
    void SetCaptureFormat$13462e() -> g
    void checkCurrentState() -> j
    void deliverAndDrawFrame(org.opencv.android.CameraBridgeViewBase$CvCameraViewFrame) -> a
    boolean connectCamera(int,int) -> a
    void disconnectCamera() -> h
    void AllocateCache() -> i
org.opencv.android.CameraBridgeViewBase$1 -> org.opencv.android.i:
    org.opencv.android.CameraBridgeViewBase this$0 -> a
    void onClick(android.content.DialogInterface,int) -> onClick
org.opencv.android.CameraBridgeViewBase$CvCameraViewFrame -> org.opencv.android.j:
    org.opencv.core.Mat rgba() -> a
    org.opencv.core.Mat gray() -> b
org.opencv.android.CameraBridgeViewBase$CvCameraViewListener -> org.opencv.android.k:
    org.opencv.core.Mat onCameraFrame$86c22af() -> a
org.opencv.android.CameraBridgeViewBase$CvCameraViewListener2 -> org.opencv.android.l:
    void onCameraViewStarted(int,int) -> onCameraViewStarted
    void onCameraViewStopped() -> onCameraViewStopped
    org.opencv.core.Mat onCameraFrame(org.opencv.android.CameraBridgeViewBase$CvCameraViewFrame) -> onCameraFrame
org.opencv.android.CameraBridgeViewBase$CvCameraViewListenerAdapter -> org.opencv.android.m:
    int mPreviewFormat -> a
    org.opencv.android.CameraBridgeViewBase$CvCameraViewListener mOldStyleListener -> b
    void onCameraViewStarted(int,int) -> onCameraViewStarted
    void onCameraViewStopped() -> onCameraViewStopped
    org.opencv.core.Mat onCameraFrame(org.opencv.android.CameraBridgeViewBase$CvCameraViewFrame) -> onCameraFrame
    void setFrameFormat(int) -> a