proguard/usage.txt
org.my.scanExample.BuildConfig
org.my.scanExample.R
org.my.scanExample.R$attr
org.my.scanExample.R$drawable
org.my.scanExample.R$id
org.my.scanExample.R$layout
org.my.scanExample.R$string
org.my.scanExample.R$style
...
android.support.v4.app.Fragment:
    static final int INITIALIZING
    static final int CREATED
    static final int ACTIVITY_CREATED
    static final int STOPPED
    static final int STARTED
    static final int RESUMED
    511:511:public final int getId()
    518:518:public final java.lang.String getTag()
    529:533:public void setArguments(android.os.Bundle)
    540:540:public final android.os.Bundle getArguments()
    552:557:public void setInitialSavedState(android.support.v4.app.Fragment$SavedState)
    571:573:public void setTargetFragment(android.support.v4.app.Fragment,int)
    579:579:public final android.support.v4.app.Fragment getTargetFragment()
    586:586:public final int getTargetRequestCode()
    613:613:public final java.lang.CharSequence getText(int)
    623:623:public final java.lang.String getString(int)
    636:636:public final varargs java.lang.String getString(int,java.lang.Object[])
    650:650:public final android.support.v4.app.FragmentManager getFragmentManager()
    658:670:public final android.support.v4.app.FragmentManager getChildFragmentManager()
    678:678:public final android.support.v4.app.Fragment getParentFragment()
    685:685:public final boolean isAdded()
    703:703:public final boolean isRemoving()
    714:714:public final boolean isInLayout()
    722:722:public final boolean isResumed()
    731:731:public final boolean isVisible()
    743:743:public final boolean isHidden()
android.support.v4.app.Fragment$SavedState:
    309:311:Fragment$SavedState(android.os.Bundle)
android.support.v4.app.FragmentActivity:
    private static final java.lang.String TAG
    static final java.lang.String FRAGMENTS_TAG
    private static final int HONEYCOMB
    static final int MSG_REALLY_STOPPED
    static final int MSG_RESUME_PENDING
    632:634:public java.lang.Object getLastCustomNonConfigurationInstance()
    827:827:public android.support.v4.app.FragmentManager getSupportFragmentManager()
    847:855:public void startActivityFromFragment(android.support.v4.app.Fragment,android.content.Intent,int)
    876:881:public android.support.v4.app.LoaderManager getSupportLoaderManager()
android.support.v4.app.FragmentActivity$FragmentTag:
    public static final int Fragment_id
    public static final int Fragment_name
    public static final int Fragment_tag
    134:134:FragmentActivity$FragmentTag()
android.support.v4.app.FragmentManager:
    public static final int POP_BACK_STACK_INCLUSIVE
    142:142:public android.support.v4.app.FragmentTransaction openTransaction()
    public abstract android.support.v4.app.Fragment findFragmentById(int)
    public abstract void popBackStack()
    public abstract boolean popBackStackImmediate()
    public abstract void popBackStack(java.lang.String,int)
    public abstract boolean popBackStackImmediate(java.lang.String,int)
    public abstract void popBackStack(int,int)
    public abstract boolean popBackStackImmediate(int,int)
    public abstract int getBackStackEntryCount()
    public abstract android.support.v4.app.FragmentManager$BackStackEntry getBackStackEntryAt(int)
    public abstract void addOnBackStackChangedListener(android.support.v4.app.FragmentManager$OnBackStackChangedListener)
    public abstract void removeOnBackStackChangedListener(android.support.v4.app.FragmentManager$OnBackStackChangedListener)
    public abstract void putFragment(android.os.Bundle,java.lang.String,android.support.v4.app.Fragment)
    public abstract android.support.v4.app.Fragment getFragment(android.os.Bundle,java.lang.String)
    public abstract java.util.List getFragments()
    public abstract android.support.v4.app.Fragment$SavedState saveFragmentInstanceState(android.support.v4.app.Fragment)
    public abstract void dump(java.lang.String,java.io.FileDescriptor,java.io.PrintWriter,java.lang.String[])
android.support.v4.app.FragmentManager$BackStackEntry